\BOOKMARK [1][-]{section.1}{Introduction}{}% 1
\BOOKMARK [2][-]{subsection.1.1}{Alphabets}{section.1}% 2
\BOOKMARK [2][-]{subsection.1.2}{Counting}{section.1}% 3
\BOOKMARK [2][-]{subsection.1.3}{Ordinal Numbers}{section.1}% 4
\BOOKMARK [2][-]{subsection.1.4}{Weekdays \(Les jours de la semaine\)}{section.1}% 5
\BOOKMARK [2][-]{subsection.1.5}{Months of Year \(Le Mois De L'ann\351e\)}{section.1}% 6
\BOOKMARK [2][-]{subsection.1.6}{To Specify Date and Time \(Pr\351ciser la date et l'heure\)}{section.1}% 7
\BOOKMARK [2][-]{subsection.1.7}{To Specify Degree of Things and Feeling}{section.1}% 8
\BOOKMARK [1][-]{section.2}{Verbs and Conjugations}{}% 9
\BOOKMARK [2][-]{subsection.2.1}{Conjugation Pattern for Regular ER Verbs}{section.2}% 10
\BOOKMARK [3][-]{subsubsection.2.1.1}{Parler \(to speak\)}{subsection.2.1}% 11
\BOOKMARK [3][-]{subsubsection.2.1.2}{List of Regular -ER Verbs}{subsection.2.1}% 12
\BOOKMARK [2][-]{subsection.2.2}{Conjugation pattern for -GER Verbs}{section.2}% 13
\BOOKMARK [3][-]{subsubsection.2.2.1}{Manger \(to eat\)}{subsection.2.2}% 14
\BOOKMARK [3][-]{subsubsection.2.2.2}{List of -GER verbs}{subsection.2.2}% 15
\BOOKMARK [2][-]{subsection.2.3}{Conjugation pattern for -YER Verbs}{section.2}% 16
\BOOKMARK [3][-]{subsubsection.2.3.1}{Payer \(to pay\)}{subsection.2.3}% 17
\BOOKMARK [3][-]{subsubsection.2.3.2}{List of -YER verbs}{subsection.2.3}% 18
\BOOKMARK [2][-]{subsection.2.4}{Conjugation pattern for -ELER Verbs}{section.2}% 19
\BOOKMARK [3][-]{subsubsection.2.4.1}{Appeler \(to call\)}{subsection.2.4}% 20
\BOOKMARK [3][-]{subsubsection.2.4.2}{List of -ELER verbs}{subsection.2.4}% 21
\BOOKMARK [2][-]{subsection.2.5}{Conjugation pattern for Regular -RE Verbs}{section.2}% 22
\BOOKMARK [3][-]{subsubsection.2.5.1}{R\351pondre \(to answer\)}{subsection.2.5}% 23
\BOOKMARK [3][-]{subsubsection.2.5.2}{List of Regular -RE verbs}{subsection.2.5}% 24
\BOOKMARK [2][-]{subsection.2.6}{Conjugation pattern for Regular -IR Verbs}{section.2}% 25
\BOOKMARK [3][-]{subsubsection.2.6.1}{Finir \(to finish\)}{subsection.2.6}% 26
\BOOKMARK [3][-]{subsubsection.2.6.2}{List of Regular -IR verbs}{subsection.2.6}% 27
\BOOKMARK [2][-]{subsection.2.7}{Other Irregular Verbs}{section.2}% 28
\BOOKMARK [3][-]{subsubsection.2.7.1}{S'appeler \(to call oneself\)}{subsection.2.7}% 29
\BOOKMARK [3][-]{subsubsection.2.7.2}{\312tre \(to be\)}{subsection.2.7}% 30
\BOOKMARK [3][-]{subsubsection.2.7.3}{Avoir \(to have\)}{subsection.2.7}% 31
\BOOKMARK [3][-]{subsubsection.2.7.4}{Connaitre \(to know\)}{subsection.2.7}% 32
\BOOKMARK [3][-]{subsubsection.2.7.5}{Comprendre \(to understand\)}{subsection.2.7}% 33
\BOOKMARK [3][-]{subsubsection.2.7.6}{Lire \(to read\)}{subsection.2.7}% 34
\BOOKMARK [3][-]{subsubsection.2.7.7}{\311crire \(to write\)}{subsection.2.7}% 35
\BOOKMARK [3][-]{subsubsection.2.7.8}{Voir \(to see\)}{subsection.2.7}% 36
\BOOKMARK [3][-]{subsubsection.2.7.9}{Aller \(to go\)}{subsection.2.7}% 37
\BOOKMARK [3][-]{subsubsection.2.7.10}{Venir \(to come\)}{subsection.2.7}% 38
\BOOKMARK [3][-]{subsubsection.2.7.11}{Faire \(to do / to make\)}{subsection.2.7}% 39
\BOOKMARK [3][-]{subsubsection.2.7.12}{Vouloir \(to want\)}{subsection.2.7}% 40
\BOOKMARK [3][-]{subsubsection.2.7.13}{Pouvoir \(to be able to, can\)}{subsection.2.7}% 41
\BOOKMARK [3][-]{subsubsection.2.7.14}{Savoir \(to know\)}{subsection.2.7}% 42
\BOOKMARK [3][-]{subsubsection.2.7.15}{Devoir\(to have to, must, to owe\)}{subsection.2.7}% 43
\BOOKMARK [3][-]{subsubsection.2.7.16}{Pr\351f\351rer \(to prefer\)}{subsection.2.7}% 44
\BOOKMARK [3][-]{subsubsection.2.7.17}{Boire\(to drink\)}{subsection.2.7}% 45
\BOOKMARK [3][-]{subsubsection.2.7.18}{Dire\(to say\)}{subsection.2.7}% 46
\BOOKMARK [3][-]{subsubsection.2.7.19}{Partir\(to go, to leave\)}{subsection.2.7}% 47
\BOOKMARK [3][-]{subsubsection.2.7.20}{Mettre\(to put\)}{subsection.2.7}% 48
\BOOKMARK [3][-]{subsubsection.2.7.21}{Prendre\(to take\)}{subsection.2.7}% 49
\BOOKMARK [3][-]{subsubsection.2.7.22}{Survivre \(to survive\)}{subsection.2.7}% 50
\BOOKMARK [3][-]{subsubsection.2.7.23}{Reprendre \(to resume\)}{subsection.2.7}% 51
\BOOKMARK [1][-]{section.3}{French Language Rules}{}% 52
\BOOKMARK [1][-]{section.4}{Articles}{}% 53
\BOOKMARK [2][-]{subsection.4.1}{Les Articles Ind\351finis \(Indefinite Articles\)}{section.4}% 54
\BOOKMARK [2][-]{subsection.4.2}{Les Articles D\351finis \(Definite Articles\)}{section.4}% 55
\BOOKMARK [2][-]{subsection.4.3}{Les Articles Pour un compl\351ment d'information \(Articles for an extra information\)}{section.4}% 56
\BOOKMARK [1][-]{section.5}{Pronouns \(Les Pronoms\)}{}% 57
\BOOKMARK [2][-]{subsection.5.1}{The stress pronouns \(Les pronoms toniques\)}{section.5}% 58
\BOOKMARK [1][-]{section.6}{Prepositions \(Les Pr\351positions\)}{}% 59
\BOOKMARK [2][-]{subsection.6.1}{\300}{section.6}% 60
\BOOKMARK [2][-]{subsection.6.2}{De}{section.6}% 61
\BOOKMARK [2][-]{subsection.6.3}{En}{section.6}% 62
\BOOKMARK [1][-]{section.7}{Tenses in French}{}% 63
\BOOKMARK [2][-]{subsection.7.1}{The Present \(Le Pr\351sent\)}{section.7}% 64
\BOOKMARK [2][-]{subsection.7.2}{The Near Future \(Le Futur Proche\)}{section.7}% 65
\BOOKMARK [2][-]{subsection.7.3}{The Past Compound \(Le Pass\351 Compos\351\)}{section.7}% 66
\BOOKMARK [3][-]{subsubsection.7.3.1}{General rules for past participle of verbs}{subsection.7.3}% 67
\BOOKMARK [1][-]{section.8}{French Phrases}{}% 68
\BOOKMARK [1][-]{section.9}{Write-Ups}{}% 69
\BOOKMARK [2][-]{subsection.9.1}{Une Carte Postale}{section.9}% 70
\BOOKMARK [2][-]{subsection.9.2}{Un Message}{section.9}% 71
\BOOKMARK [2][-]{subsection.9.3}{Un conversation}{section.9}% 72
\BOOKMARK [1][-]{section.10}{French Vocabulary}{}% 73
